d:\documents\prince\prince\debug\vc120.pdb
d:\documents\prince\prince\debug\vc120.idb
d:\documents\prince\prince\debug\gameover.obj
d:\documents\prince\prince\debug\instruccions.obj
d:\documents\prince\prince\debug\levelcompleted.obj
d:\documents\prince\prince\debug\menuprincipal.obj
d:\documents\prince\prince\debug\vidaboss.obj
d:\documents\prince\prince\debug\vidaplayer.obj
d:\documents\prince\prince\debug\vidasoldier.obj
d:\documents\prince\prince\debug\land.obj
d:\documents\prince\prince\debug\main.obj
d:\documents\prince\prince\debug\menu.obj
d:\documents\prince\prince\debug\player.obj
d:\documents\prince\prince\debug\scene.obj
d:\documents\prince\prince\debug\shader.obj
d:\documents\prince\prince\debug\shaderprogram.obj
d:\documents\prince\prince\debug\soldier.obj
d:\documents\prince\prince\debug\sprite.obj
d:\documents\prince\prince\debug\texture.obj
d:\documents\prince\prince\debug\tilemap.obj
d:\documents\prince\prince\debug\torch.obj
d:\documents\prince\prince\debug\trap.obj
d:\documents\prince\prince\debug\boss.obj
d:\documents\prince\prince\debug\credits.obj
d:\documents\prince\prince\debug\door.obj
d:\documents\prince\prince\debug\game.obj
d:\documents\prince\debug\prince.ilk
d:\documents\prince\debug\prince.exe
d:\documents\prince\debug\prince.pdb
d:\documents\prince\prince\debug\prince.tlog\cl.command.1.tlog
d:\documents\prince\prince\debug\prince.tlog\cl.read.1.tlog
d:\documents\prince\prince\debug\prince.tlog\cl.write.1.tlog
d:\documents\prince\prince\debug\prince.tlog\link.command.1.tlog
d:\documents\prince\prince\debug\prince.tlog\link.read.1.tlog
d:\documents\prince\prince\debug\prince.tlog\link.write.1.tlog
